build/app/outputs/mapping/release/seeds.txt
com.mobile.sisater.teste.MainActivity
com.mobile.sisater.teste.MainActivity: MainActivity()
...
com.pichillilorenzo.flutter_inappwebview_android.types.SafeBrowsingResponse
com.pichillilorenzo.flutter_inappwebview_android.tracing.TracingSettings
com.pichillilorenzo.flutter_inappwebview_android.webview.FlutterWebViewFactory
com.pichillilorenzo.flutter_inappwebview_android.types.CustomSchemeResponse
com.google.firebase.provider.FirebaseInitProvider
com.pichillilorenzo.flutter_inappwebview_android.in_app_browser.InAppBrowserDelegate
com.pichillilorenzo.flutter_inappwebview_android.tracing.TracingControllerChannelDelegate
io.flutter.view.TextureRegistry$SurfaceProducer
com.pichillilorenzo.flutter_inappwebview_android.webview.in_app_webview.InAppWebView$7
com.pichillilorenzo.flutter_inappwebview_android.webview.WebViewChannelDelegate$3
com.pichillilorenzo.flutter_inappwebview_android.webview.JavaScriptBridgeInterface$2$1
com.baseflow.geocoding.GeocodingPlugin
com.pichillilorenzo.flutter_inappwebview_android.webview.in_app_webview.InAppWebViewChromeClient$8
com.pichillilorenzo.flutter_inappwebview_android.types.AndroidResource
com.pichillilorenzo.flutter_inappwebview_android.types.WebViewAssetLoaderExt$PathHandlerExtChannelDelegate$HandleCallback
com.pichillilorenzo.flutter_inappwebview_android.chrome_custom_tabs.ChromeCustomTabsActivity$2
com.pichillilorenzo.flutter_inappwebview_android.types.WebViewAssetLoaderExt$PathHandlerExtChannelDelegate$SyncHandleCallback
com.pichillilorenzo.flutter_inappwebview_android.webview.WebViewChannelDelegate$JsBeforeUnloadCallback
com.pichillilorenzo.flutter_inappwebview_android.webview.in_app_webview.InAppWebView$9
com.pichillilorenzo.flutter_inappwebview_android.types.ServerTrustAuthResponse
com.pichillilorenzo.flutter_inappwebview_android.service_worker.ServiceWorkerChannelDelegate$ShouldInterceptRequestCallback
com.pichillilorenzo.flutter_inappwebview_android.webview.WebViewChannelDelegate$7
androidx.appcompat.view.menu.ActionMenuItemView
com.pichillilorenzo.flutter_inappwebview_android.chrome_custom_tabs.ChromeCustomTabsActivity
com.pichillilorenzo.flutter_inappwebview_android.webview.WebViewChannelDelegate
io.flutter.plugins.firebase.crashlytics.FlutterFirebaseCrashlyticsPlugin
com.pichillilorenzo.flutter_inappwebview_android.webview.in_app_webview.InAppWebViewSettings
com.pichillilorenzo.flutter_inappwebview_android.types.ServerTrustChallenge
com.pichillilorenzo.flutter_inappwebview_android.R$menu
com.google.android.gms.common.util.DynamiteApi
com.pichillilorenzo.flutter_inappwebview_android.types.PreferredContentModeOptionType
com.google.firebase.components.ComponentRegistrar
io.flutter.view.TextureRegistry$SurfaceTextureEntry
org.chromium.support_lib_boundary.StaticsBoundaryInterface
com.pichillilorenzo.flutter_inappwebview_android.R$id
com.pichillilorenzo.flutter_inappwebview_android.types.Disposable
com.google.android.gms.common.api.internal.LifecycleCallback
com.pichillilorenzo.flutter_inappwebview_android.webview.in_app_webview.InAppWebView$10
com.pichillilorenzo.flutter_inappwebview_android.webview.in_app_webview.InAppWebView$10$1
com.pichillilorenzo.flutter_inappwebview_android.proxy.ProxyManager$1
com.pichillilorenzo.flutter_inappwebview_android.webview.in_app_webview.InAppWebView$2
dev.fluttercommunity.plus.share.ShareFileProvider
com.pichillilorenzo.flutter_inappwebview_android.webview.in_app_webview.InputAwareWebView
com.pichillilorenzo.flutter_inappwebview_android.service_worker.ServiceWorkerManager$1
com.google.firebase.crashlytics.FirebaseCrashlyticsKtxRegistrar
com.pichillilorenzo.flutter_inappwebview_android.plugin_scripts_js.JavaScriptBridgeJS
com.pichillilorenzo.flutter_inappwebview_android.chrome_custom_tabs.TrustedWebActivitySingleInstance
com.google.android.gms.common.api.Status
com.pichillilorenzo.flutter_inappwebview_android.service_worker.ServiceWorkerManager
kotlinx.coroutines.android.AndroidDispatcherFactory
com.pichillilorenzo.flutter_inappwebview_android.types.ChannelDelegateImpl