build/app/outputs/mapping/release/usage.txt
com.mobile.sisater.teste.R$color
com.mobile.sisater.teste.R$drawable
com.mobile.sisater.teste.R$mipmap
com.mobile.sisater.teste.R$style
com.mobile.sisater.teste.R
...
io.flutter.plugin.editing.ImeSyncDeferringInsetsCallback$1
io.flutter.plugin.editing.InputConnectionAdaptor$KeyboardDelegate:
    public abstract boolean handleEvent(android.view.KeyEvent)
io.flutter.plugin.editing.InputConnectionAdaptor:
    public static boolean doPerformContextMenuAction()
    public final boolean handleKeyEvent()
    public static byte[] readStreamFully()
io.flutter.plugin.editing.ListenableEditingState$1:
    public final synthetic io.flutter.plugin.editing.ListenableEditingState this$0
io.flutter.plugin.editing.ListenableEditingState:
    public final void clearBatchDeltas()
    public static java.util.ArrayList extractBatchTextEditingDeltas()
    public static int getComposingEnd()
    public static int getComposingStart()
    public static int getSelectionEnd()
    public static int getSelectionStart()
    public final void notifyListener(io.flutter.plugin.editing.ListenableEditingState$EditingStateWatcher,boolean,boolean,boolean)
    public static void setComposingRange()
io.flutter.plugin.editing.SpellCheckPlugin:
    public static void destroy()
    public static void performSpellCheck()
io.flutter.plugin.editing.TextEditingDelta:
    public final void setDeltas(java.lang.String,java.lang.String,int,int)
    public static org.json.JSONObject toJSON()
io.flutter.plugin.editing.TextInputPlugin$$InternalSyntheticApiModelOutline$1$0183889cb4ba90cda743c7f55b11a07b8e0796a0d48383d5abd70a422a49412b$0
io.flutter.plugin.editing.TextInputPlugin$$InternalSyntheticApiModelOutline$1$0183889cb4ba90cda743c7f55b11a07b8e0796a0d48383d5abd70a422a49412b$10
io.flutter.plugin.editing.TextInputPlugin$$InternalSyntheticApiModelOutline$1$0183889cb4ba90cda743c7f55b11a07b8e0796a0d48383d5abd70a422a49412b$12
io.flutter.plugin.editing.TextInputPlugin$$InternalSyntheticApiModelOutline$1$0183889cb4ba90cda743c7f55b11a07b8e0796a0d48383d5abd70a422a49412b$13
io.flutter.plugin.editing.TextInputPlugin$$InternalSyntheticApiModelOutline$1$0183889cb4ba90cda743c7f55b11a07b8e0796a0d48383d5abd70a422a49412b$1
io.flutter.plugin.editing.TextInputPlugin$$InternalSyntheticApiModelOutline$1$0183889cb4ba90cda743c7f55b11a07b8e0796a0d48383d5abd70a422a49412b$2
io.flutter.plugin.editing.TextInputPlugin$$InternalSyntheticApiModelOutline$1$0183889cb4ba90cda743c7f55b11a07b8e0796a0d48383d5abd70a422a49412b$3
io.flutter.plugin.editing.TextInputPlugin$$InternalSyntheticApiModelOutline$1$0183889cb4ba90cda743c7f55b11a07b8e0796a0d48383d5abd70a422a49412b$4
io.flutter.plugin.editing.TextInputPlugin$$InternalSyntheticApiModelOutline$1$0183889cb4ba90cda743c7f55b11a07b8e0796a0d48383d5abd70a422a49412b$5
io.flutter.plugin.editing.TextInputPlugin$$InternalSyntheticApiModelOutline$1$0183889cb4ba90cda743c7f55b11a07b8e0796a0d48383d5abd70a422a49412b$6
io.flutter.plugin.editing.TextInputPlugin$$InternalSyntheticApiModelOutline$1$0183889cb4ba90cda743c7f55b11a07b8e0796a0d48383d5abd70a422a49412b$7
io.flutter.plugin.editing.TextInputPlugin$$InternalSyntheticApiModelOutline$1$0183889cb4ba90cda743c7f55b11a07b8e0796a0d48383d5abd70a422a49412b$8
io.flutter.plugin.editing.TextInputPlugin$$InternalSyntheticApiModelOutline$1$0183889cb4ba90cda743c7f55b11a07b8e0796a0d48383d5abd70a422a49412b$9
io.flutter.plugin.editing.TextInputPlugin$1:
    public final void clearClient()
    public final void finishAutofillContext()
    public final void hide()
    public final void requestAutofill()
    public final void sendAppPrivateCommand()
    public final void show()
io.flutter.plugin.editing.TextInputPlugin$2:
    public final synthetic io.flutter.plugin.editing.TextInputPlugin this$0
io.flutter.plugin.editing.TextInputPlugin$MinMax